\BOOKMARK [2][-]{section*.2}{\376\377\000S\000t\000a\000t\000e\000\040\000o\000f\000\040\000t\000h\000e\000\040\000A\000r\000t}{}% 1
\BOOKMARK [2][-]{section*.3}{\376\377\000P\000r\000o\000b\000l\000e\000m\000\040\000S\000t\000a\000t\000e\000m\000e\000n\000t}{}% 2
\BOOKMARK [1][-]{section*.4}{\376\377\000O\000b\000j\000e\000c\000t\000i\000v\000e\000s}{}% 3
\BOOKMARK [2][-]{section*.5}{\376\377\000G\000e\000n\000e\000r\000a\000l\000\040\000O\000b\000j\000e\000c\000t\000i\000v\000e}{section*.4}% 4
\BOOKMARK [2][-]{section*.6}{\376\377\000S\000p\000e\000c\000i\000f\000i\000c\000\040\000O\000b\000j\000e\000c\000t\000i\000v\000e\000s}{section*.4}% 5
\BOOKMARK [1][-]{section*.7}{\376\377\000M\000a\000t\000e\000r\000i\000a\000l\000s\000\040\000a\000n\000d\000\040\000M\000e\000t\000h\000o\000d\000s}{}% 6
\BOOKMARK [2][-]{section*.8}{\376\377\000R\000e\000s\000e\000a\000r\000c\000h\000\040\000D\000e\000s\000i\000g\000n}{section*.7}% 7
\BOOKMARK [3][-]{section*.9}{\376\377\000A\000p\000p\000r\000o\000a\000c\000h}{section*.8}% 8
\BOOKMARK [3][-]{section*.10}{\376\377\000S\000c\000o\000p\000e}{section*.8}% 9
\BOOKMARK [3][-]{section*.11}{\376\377\000T\000e\000c\000h\000n\000i\000q\000u\000e\000s}{section*.8}% 10
\BOOKMARK [2][-]{section*.12}{\376\377\000I\000n\000s\000t\000r\000u\000m\000e\000n\000t\000s}{section*.7}% 11
\BOOKMARK [3][-]{section*.13}{\376\377\000D\000i\000e\000t\000a\000r\000y\000\040\000H\000a\000b\000i\000t\000s\000\040\000Q\000u\000e\000s\000t\000i\000o\000n\000n\000a\000i\000r\000e}{section*.12}% 12
\BOOKMARK [3][-]{section*.14}{\376\377\000B\000e\000c\000k\000\040\000D\000e\000p\000r\000e\000s\000s\000i\000o\000n\000\040\000I\000n\000v\000e\000n\000t\000o\000r\000y}{section*.12}% 13
\BOOKMARK [2][-]{section*.15}{\376\377\000S\000a\000m\000p\000l\000e\000\040\000a\000n\000d\000\040\000P\000o\000p\000u\000l\000a\000t\000i\000o\000n}{section*.7}% 14
\BOOKMARK [2][-]{section*.17}{\376\377\000S\000e\000l\000e\000c\000t\000i\000o\000n\000\040\000a\000n\000d\000\040\000D\000e\000f\000i\000n\000i\000t\000i\000o\000n\000\040\000o\000f\000\040\000V\000a\000r\000i\000a\000b\000l\000e\000s}{section*.7}% 15
\BOOKMARK [1][-]{section*.18}{\376\377\000H\000y\000p\000o\000t\000h\000e\000s\000i\000s}{}% 16
\BOOKMARK [1][-]{section*.19}{\376\377\000D\000a\000t\000a\000\040\000C\000o\000l\000l\000e\000c\000t\000i\000o\000n\000\040\000P\000r\000o\000c\000e\000d\000u\000r\000e}{}% 17
\BOOKMARK [2][-]{section*.20}{\376\377\000S\000t\000a\000t\000i\000s\000t\000i\000c\000a\000l\000\040\000A\000n\000a\000l\000y\000s\000i\000s\000\040\000a\000n\000d\000\040\000D\000a\000t\000a\000\040\000P\000r\000o\000c\000e\000s\000s\000i\000n\000g}{section*.19}% 18
\BOOKMARK [2][-]{section*.21}{\376\377\000D\000e\000s\000c\000r\000i\000p\000t\000i\000o\000n\000\040\000a\000n\000d\000\040\000J\000u\000s\000t\000i\000f\000i\000c\000a\000t\000i\000o\000n\000\040\000o\000f\000\040\000M\000e\000t\000h\000o\000d\000s\000\040\000a\000n\000d\000\040\000A\000n\000a\000l\000y\000s\000i\000s\000\040\000T\000e\000c\000h\000n\000i\000q\000u\000e\000s}{section*.19}% 19
\BOOKMARK [2][-]{section*.22}{\376\377\000S\000t\000a\000t\000i\000s\000t\000i\000c\000a\000l\000\040\000P\000r\000o\000c\000e\000d\000u\000r\000e\000s}{section*.19}% 20
\BOOKMARK [3][-]{section*.23}{\376\377\000A\000p\000p\000l\000i\000c\000a\000t\000i\000o\000n\000\040\000a\000n\000d\000\040\000A\000n\000a\000l\000y\000s\000i\000s\000\040\000o\000f\000\040\000t\000h\000e\000\040\000B\000e\000c\000k\000\040\000D\000e\000p\000r\000e\000s\000s\000i\000o\000n\000\040\000I\000n\000v\000e\000n\000t\000o\000r\000y}{section*.22}% 21
\BOOKMARK [3][-]{section*.24}{\376\377\000N\000o\000r\000m\000a\000l\000i\000t\000y\000\040\000T\000e\000s\000t\000s}{section*.22}% 22
\BOOKMARK [3][-]{section*.25}{\376\377\000V\000a\000r\000i\000a\000n\000c\000e\000\040\000C\000o\000m\000p\000a\000r\000i\000s\000o\000n\000s\000\040\000\050\000A\000N\000O\000V\000A\000\051}{section*.22}% 23
\BOOKMARK [3][-]{section*.26}{\376\377\000C\000o\000r\000r\000e\000l\000a\000t\000i\000o\000n\000\040\000A\000n\000a\000l\000y\000s\000i\000s}{section*.22}% 24
\BOOKMARK [3][-]{section*.27}{\376\377\000D\000a\000t\000a\000\040\000V\000i\000s\000u\000a\000l\000i\000z\000a\000t\000i\000o\000n\000\040\000a\000n\000d\000\040\000P\000r\000e\000s\000e\000n\000t\000a\000t\000i\000o\000n}{section*.22}% 25
\BOOKMARK [3][-]{section*.28}{\376\377\000C\000o\000n\000t\000e\000x\000t\000u\000a\000l\000i\000z\000e\000d\000\040\000I\000n\000t\000e\000r\000p\000r\000e\000t\000a\000t\000i\000o\000n\000\040\000o\000f\000\040\000R\000e\000s\000u\000l\000t\000s}{section*.22}% 26
\BOOKMARK [2][-]{section*.29}{\376\377\000I\000n\000c\000l\000u\000s\000i\000o\000n\000\040\000o\000f\000\040\000K\000e\000y\000\040\000A\000s\000p\000e\000c\000t\000s\000\040\000i\000n\000\040\000t\000h\000e\000\040\000A\000n\000a\000l\000y\000s\000i\000s}{section*.19}% 27
\BOOKMARK [3][-]{section*.30}{\376\377\000V\000e\000r\000i\000f\000i\000c\000a\000t\000i\000o\000n\000\040\000o\000f\000\040\000D\000a\000t\000a\000\040\000N\000o\000r\000m\000a\000l\000i\000t\000y}{section*.29}% 28
\BOOKMARK [3][-]{section*.31}{\376\377\000E\000v\000a\000l\000u\000a\000t\000i\000o\000n\000\040\000o\000f\000\040\000t\000h\000e\000\040\000R\000e\000l\000i\000a\000b\000i\000l\000i\000t\000y\000\040\000o\000f\000\040\000M\000e\000a\000s\000u\000r\000e\000m\000e\000n\000t\000\040\000T\000o\000o\000l\000s}{section*.29}% 29
\BOOKMARK [3][-]{section*.32}{\376\377\000D\000e\000s\000c\000r\000i\000p\000t\000i\000v\000e\000\040\000S\000t\000a\000t\000i\000s\000t\000i\000c\000s\000\040\000o\000f\000\040\000t\000h\000e\000\040\000S\000a\000m\000p\000l\000e}{section*.29}% 30
\BOOKMARK [3][-]{section*.33}{\376\377\000C\000o\000n\000t\000e\000x\000t\000u\000a\000l\000i\000z\000e\000d\000\040\000I\000n\000t\000e\000r\000p\000r\000e\000t\000a\000t\000i\000o\000n\000\040\000o\000f\000\040\000R\000e\000s\000u\000l\000t\000s}{section*.29}% 31
\BOOKMARK [1][-]{section*.34}{\376\377\000E\000t\000h\000i\000c\000a\000l\000\040\000C\000o\000n\000s\000i\000d\000e\000r\000a\000t\000i\000o\000n\000s}{}% 32
\BOOKMARK [2][-]{section*.35}{\376\377\000I\000n\000f\000o\000r\000m\000e\000d\000\040\000C\000o\000n\000s\000e\000n\000t}{section*.34}% 33
\BOOKMARK [2][-]{section*.36}{\376\377\000C\000o\000n\000f\000i\000d\000e\000n\000t\000i\000a\000l\000i\000t\000y\000\040\000a\000n\000d\000\040\000P\000r\000i\000v\000a\000c\000y}{section*.34}% 34
\BOOKMARK [2][-]{section*.37}{\376\377\000A\000p\000p\000r\000o\000v\000a\000l\000\040\000b\000y\000\040\000a\000n\000\040\000E\000t\000h\000i\000c\000s\000\040\000C\000o\000m\000m\000i\000t\000t\000e\000e}{section*.34}% 35
\BOOKMARK [2][-]{section*.38}{\376\377\000I\000m\000p\000a\000c\000t\000\040\000a\000n\000d\000\040\000B\000e\000n\000e\000f\000i\000t\000\040\000f\000o\000r\000\040\000P\000a\000r\000t\000i\000c\000i\000p\000a\000n\000t\000s\000\040\000a\000n\000d\000\040\000t\000h\000e\000\040\000C\000o\000m\000m\000u\000n\000i\000t\000y}{section*.34}% 36
\BOOKMARK [1][-]{section*.39}{\376\377\000R\000e\000s\000u\000l\000t\000s}{}% 37
\BOOKMARK [2][-]{section*.40}{\376\377\000S\000o\000c\000i\000o\000d\000e\000m\000o\000g\000r\000a\000p\000h\000i\000c\000\040\000D\000a\000t\000a}{section*.39}% 38
\BOOKMARK [3][-]{section*.43}{\376\377\000T\000o\000t\000a\000l\000\040\000B\000e\000c\000k\000\040\000S\000c\000a\000l\000e}{section*.40}% 39
\BOOKMARK [3][-]{section*.44}{\376\377\000T\000o\000t\000a\000l\000\040\000D\000i\000e\000t\000\040\000Q\000u\000e\000s\000t\000i\000o\000n\000n\000a\000i\000r\000e}{section*.40}% 40
\BOOKMARK [2][-]{section*.47}{\376\377\000B\000e\000c\000k\000\040\000D\000e\000p\000r\000e\000s\000s\000i\000v\000e\000\040\000S\000y\000m\000p\000t\000o\000m\000s}{section*.39}% 41
\BOOKMARK [2][-]{section*.49}{\376\377\000D\000i\000e\000t\000a\000r\000y\000\040\000H\000a\000b\000i\000t\000s\000\040\000o\000f\000\040\000Y\000o\000u\000n\000g\000\040\000G\000u\000a\000t\000e\000m\000a\000l\000a\000n\000\040\000W\000o\000m\000e\000n}{section*.39}% 42
\BOOKMARK [1][-]{section*.51}{\376\377\000D\000i\000s\000c\000u\000s\000s\000i\000o\000n\000\040\000o\000f\000\040\000R\000e\000s\000u\000l\000t\000s}{}% 43
\BOOKMARK [2][-]{section*.52}{\376\377\000S\000u\000m\000m\000a\000r\000y\000\040\000o\000f\000\040\000M\000a\000i\000n\000\040\000F\000i\000n\000d\000i\000n\000g\000s}{section*.51}% 44
\BOOKMARK [2][-]{section*.53}{\376\377\000I\000n\000t\000e\000r\000p\000r\000e\000t\000a\000t\000i\000o\000n\000\040\000o\000f\000\040\000R\000e\000s\000u\000l\000t\000s}{section*.51}% 45
\BOOKMARK [3][-]{section*.54}{\376\377\000P\000r\000o\000t\000e\000c\000t\000i\000v\000e\000\040\000E\000f\000f\000e\000c\000t\000\040\000o\000f\000\040\000F\000r\000u\000i\000t\000\040\000C\000o\000n\000s\000u\000m\000p\000t\000i\000o\000n}{section*.53}% 46
\BOOKMARK [3][-]{section*.55}{\376\377\000N\000e\000g\000a\000t\000i\000v\000e\000\040\000I\000m\000p\000a\000c\000t\000\040\000o\000f\000\040\000P\000r\000o\000c\000e\000s\000s\000e\000d\000\040\000F\000o\000o\000d\000s}{section*.53}% 47
\BOOKMARK [2][-]{section*.56}{\376\377\000C\000o\000m\000p\000a\000r\000i\000s\000o\000n\000\040\000w\000i\000t\000h\000\040\000E\000x\000i\000s\000t\000i\000n\000g\000\040\000L\000i\000t\000e\000r\000a\000t\000u\000r\000e}{section*.51}% 48
\BOOKMARK [2][-]{section*.57}{\376\377\000I\000m\000p\000l\000i\000c\000a\000t\000i\000o\000n\000s}{section*.51}% 49
\BOOKMARK [1][-]{section*.58}{\376\377\000L\000i\000m\000i\000t\000a\000t\000i\000o\000n\000s}{}% 50
\BOOKMARK [1][-]{section*.59}{\376\377\000R\000e\000c\000o\000m\000m\000e\000n\000d\000a\000t\000i\000o\000n\000s\000\040\000f\000o\000r\000\040\000F\000u\000t\000u\000r\000e\000\040\000R\000e\000s\000e\000a\000r\000c\000h}{}% 51
\BOOKMARK [1][-]{section*.60}{\376\377\000C\000o\000n\000c\000l\000u\000s\000i\000o\000n}{}% 52
