mktextfm Lato
mktextfm Lato
mktextfm Lato
mktextfm Lato/BI
mktextfm Lato
mktextfm Lato/B
mktextfm Lato
mktextfm Lato/I
mktextfm Lato
mktextfm Lato
mktextfm Lato-Light
mktextfm Lato-Light
mktextfm Lato-Light
mktextfm Lato-Light
mktextfm Lato-Regular
mktextfm Lato-Regular
mktextfm Lato-LightItalic
mktextfm Lato-LightItalic
mktextfm Lato-Italic
mktextfm Lato-Italic
mktextfm Lato-Light
mktextfm Lato-Light
mktextfm Lato-Light
mktextfm Lato-Regular
mktextfm Lato-Light
mktextfm Lato-Regular
mktextfm Lato-LightItalic
mktextfm Lato
mktextfm Lato
mktextfm Lato-Light
mktextfm Lato-Light
